<?xml version="1.0" encoding="UTF-8"?>
<testsuite xmlns:xsi="http://www.w3.org/2001/XMLSchema-instance" xsi:noNamespaceSchemaLocation="https://maven.apache.org/surefire/maven-surefire-plugin/xsd/surefire-test-report.xsd" version="3.0.2" name="com.shotaroi.loan.integration.LoanFlowIntegrationTest" time="21.843" tests="3" errors="0" skipped="0" failures="0">
  <properties>
[...]
</properties>
  <testcase name="user_cannot_access_another_users_loan" classname="com.shotaroi.loan.integration.LoanFlowIntegrationTest" time="1.351">
    <system-out><![CDATA[
  .   ____          _            __ _ _
 /\\ / ___'_ __ _ _(_)_ __  __ _ \ \ \ \
( ( )\___ | '_ | '_| | '_ \/ _` | \ \ \ \
 \\/  ___)| |_)| | | | | || (_| |  ) ) ) )
  '  |____| .__|_| |_|_| |_\__, | / / / /
 =========|_|==============|___/=/_/_/_/

 :: Spring Boot ::                (v3.4.2)

2026-02-16T13:40:35.186+01:00  INFO 3265 --- [loan-management-system] [           main] c.s.l.i.LoanFlowIntegrationTest          : Starting LoanFlowIntegrationTest using Java 24.0.1 with PID 3265 (started by shotaroishii in /Users/shotaroishii/Documents/GitHub/Loan-Management-System)
2026-02-16T13:40:35.189+01:00  INFO 3265 --- [loan-management-system] [           main] c.s.l.i.LoanFlowIntegrationTest          : The following 1 profile is active: "test"
2026-02-16T13:40:49.584+01:00  WARN 3265 --- [loan-management-system] [           main] .s.s.UserDetailsServiceAutoConfiguration : 

Using generated security password: 2104e8b6-c071-4e8a-93af-af4fbaeae288

This generated password is for development use only. Your security configuration must be updated before running your application in production.

2026-02-16T13:40:52.271+01:00  INFO 3265 --- [loan-management-system] [           main] c.s.l.i.LoanFlowIntegrationTest          : Started LoanFlowIntegrationTest in 17.922 seconds (process running for 23.037)
2026-02-16T13:40:52.662+01:00  INFO 3265 --- [loan-management-system] [           main] c.shotaroi.loan.config.SeedDataConfig    : Seeded ADMIN user: admin@loan.local
2026-02-16T13:40:52.760+01:00  INFO 3265 --- [loan-management-system] [           main] c.shotaroi.loan.config.SeedDataConfig    : Seeded UNDERWRITER user: underwriter@loan.local
2026-02-16T13:40:53.142+01:00  INFO 3265 --- [loan-management-system] [           main] c.s.loan.customer.CustomerService        : Customer registered: id=3, email=user1-sec@test.com
2026-02-16T13:40:53.143+01:00  INFO 3265 --- [loan-management-system] [           main] c.shotaroi.loan.customer.AuthController  : Registration successful for email: user1-sec@test.com
2026-02-16T13:40:53.285+01:00  INFO 3265 --- [loan-management-system] [           main] c.s.loan.customer.CustomerService        : Customer registered: id=4, email=user2-sec@test.com
2026-02-16T13:40:53.286+01:00  INFO 3265 --- [loan-management-system] [           main] c.shotaroi.loan.customer.AuthController  : Registration successful for email: user2-sec@test.com
2026-02-16T13:40:53.504+01:00  INFO 3265 --- [loan-management-system] [           main] c.shotaroi.loan.customer.AuthController  : Login successful for customer: 3
2026-02-16T13:40:53.618+01:00  INFO 3265 --- [loan-management-system] [           main] c.shotaroi.loan.customer.AuthController  : Login successful for customer: 4
2026-02-16T13:40:53.768+01:00  INFO 3265 --- [loan-management-system] [           main] c.s.l.u.ApplicationController            : Application created: id=1, customerId=3
2026-02-16T13:40:53.879+01:00  INFO 3265 --- [loan-management-system] [           main] c.shotaroi.loan.customer.AuthController  : Login successful for customer: 2
2026-02-16T13:40:53.952+01:00  INFO 3265 --- [loan-management-system] [           main] c.s.l.u.UnderwritingController           : Underwriting decision: applicationId=1, decision=APPROVED, by=2
2026-02-16T13:40:54.070+01:00  INFO 3265 --- [loan-management-system] [           main] com.shotaroi.loan.loan.LoanService       : Loan created: id=1, applicationId=1, termMonths=12
2026-02-16T13:40:54.112+01:00  WARN 3265 --- [loan-management-system] [           main] c.s.l.c.e.GlobalExceptionHandler         : Forbidden: Access denied to this loan
]]></system-out>
  </testcase>
  <testcase name="approve_application_create_loan_schedule_generated_correctly" classname="com.shotaroi.loan.integration.LoanFlowIntegrationTest" time="0.569">
    <system-out><![CDATA[2026-02-16T13:40:54.259+01:00  INFO 3265 --- [loan-management-system] [           main] c.s.loan.customer.CustomerService        : Customer registered: id=5, email=user-flow@test.com
2026-02-16T13:40:54.259+01:00  INFO 3265 --- [loan-management-system] [           main] c.shotaroi.loan.customer.AuthController  : Registration successful for email: user-flow@test.com
2026-02-16T13:40:54.354+01:00  INFO 3265 --- [loan-management-system] [           main] c.shotaroi.loan.customer.AuthController  : Login successful for customer: 5
2026-02-16T13:40:54.382+01:00  INFO 3265 --- [loan-management-system] [           main] c.s.l.u.ApplicationController            : Application created: id=2, customerId=5
2026-02-16T13:40:54.481+01:00  INFO 3265 --- [loan-management-system] [           main] c.shotaroi.loan.customer.AuthController  : Login successful for customer: 2
2026-02-16T13:40:54.502+01:00  INFO 3265 --- [loan-management-system] [           main] c.s.l.u.UnderwritingController           : Underwriting decision: applicationId=2, decision=APPROVED, by=2
2026-02-16T13:40:54.585+01:00  INFO 3265 --- [loan-management-system] [           main] com.shotaroi.loan.loan.LoanService       : Loan created: id=2, applicationId=2, termMonths=12
2026-02-16T13:40:54.662+01:00  WARN 3265 --- [loan-management-system] [           main] ration$PageModule$WarningLoggingModifier : Serializing PageImpl instances as-is is not supported, meaning that there is no guarantee about the stability of the resulting JSON structure!
	For a stable JSON structure, please use Spring Data's PagedModel (globally via @EnableSpringDataWebSupport(pageSerializationMode = VIA_DTO))
	or Spring HATEOAS and Spring Data's PagedResourcesAssembler as documented in https://docs.spring.io/spring-data/commons/reference/repositories/core-extensions.html#core.web.pageables.

]]></system-out>
  </testcase>
  <testcase name="post_payment_updates_loan_outstanding_and_marks_installments_paid" classname="com.shotaroi.loan.integration.LoanFlowIntegrationTest" time="0.735">
    <system-out><![CDATA[2026-02-16T13:40:54.836+01:00  INFO 3265 --- [loan-management-system] [           main] c.s.loan.customer.CustomerService        : Customer registered: id=6, email=user-pay@test.com
2026-02-16T13:40:54.836+01:00  INFO 3265 --- [loan-management-system] [           main] c.shotaroi.loan.customer.AuthController  : Registration successful for email: user-pay@test.com
2026-02-16T13:40:54.934+01:00  INFO 3265 --- [loan-management-system] [           main] c.shotaroi.loan.customer.AuthController  : Login successful for customer: 6
2026-02-16T13:40:54.964+01:00  INFO 3265 --- [loan-management-system] [           main] c.s.l.u.ApplicationController            : Application created: id=3, customerId=6
2026-02-16T13:40:55.065+01:00  INFO 3265 --- [loan-management-system] [           main] c.shotaroi.loan.customer.AuthController  : Login successful for customer: 2
2026-02-16T13:40:55.098+01:00  INFO 3265 --- [loan-management-system] [           main] c.s.l.u.UnderwritingController           : Underwriting decision: applicationId=3, decision=APPROVED, by=2
2026-02-16T13:40:55.185+01:00  INFO 3265 --- [loan-management-system] [           main] com.shotaroi.loan.loan.LoanService       : Loan created: id=3, applicationId=3, termMonths=12
2026-02-16T13:40:55.298+01:00  INFO 3265 --- [loan-management-system] [           main] c.shotaroi.loan.payment.PaymentService   : Payment posted: loanId=3, amount=1100, toInterest=153.81, toPrincipal=946.19, newOutstanding=11053.81
]]></system-out>
  </testcase>
</testsuite>